2023-04-25T02:30:59.177+05:30  WARN 33640 --- [main] ory$DuplicateJsonObjectContextCustomizer : 

Found multiple occurrences of org.json.JSONObject on the class path:

	jar:file:/C:/Users/Akshay%20Pramod%20Kadam/.m2/repository/org/json/json/20160212/json-20160212.jar!/org/json/JSONObject.class
	jar:file:/C:/Users/Akshay%20Pramod%20Kadam/.m2/repository/com/vaadin/external/google/android-json/0.0.20131108.vaadin1/android-json-0.0.20131108.vaadin1.jar!/org/json/JSONObject.class

You may wish to exclude one of them to ensure predictable runtime behavior

2023-04-25T02:31:02.715+05:30  INFO 33640 --- [main] o.s.b.t.m.w.SpringBootMockServletContext : Initializing Spring TestDispatcherServlet ''
2023-04-25T02:31:02.718+05:30  INFO 33640 --- [main] o.s.t.web.servlet.TestDispatcherServlet  : Initializing Servlet ''
2023-04-25T02:31:02.721+05:30  INFO 33640 --- [main] o.s.t.web.servlet.TestDispatcherServlet  : Completed initialization in 3 ms
2023-04-25T02:31:03.004+05:30  WARN 33640 --- [main] o.s.web.servlet.PageNotFound             : No mapping for GET /api/v1/visitdetails/1
2023-04-25T02:31:03.178+05:30  WARN 33640 --- [main] o.s.web.servlet.PageNotFound             : No mapping for POST /api/v1/visitdetails/tests
2023-04-25T02:31:03.195+05:30  WARN 33640 --- [main] o.s.web.servlet.PageNotFound             : No mapping for PUT /api/v1/visitdetails/1
2023-04-25T02:31:03.227+05:30  WARN 33640 --- [main] o.s.web.servlet.PageNotFound             : No mapping for POST /api/v1/visitdetails/prescription
2023-04-25T02:31:03.255+05:30  WARN 33640 --- [main] o.s.web.servlet.PageNotFound             : No mapping for GET /api/v1/prescriptions/1
2023-04-25T02:31:03.268+05:30  WARN 33640 --- [main] o.s.web.servlet.PageNotFound             : No mapping for GET /api/v1/visit/1
2023-04-25T02:31:03.290+05:30  WARN 33640 --- [main] o.s.web.servlet.PageNotFound             : No mapping for POST /api/v1/patient/1/visits
2023-04-25T02:31:03.307+05:30  WARN 33640 --- [main] o.s.web.servlet.PageNotFound             : No mapping for GET /api/v1/patient/2/lastvisit
2023-04-25T02:31:03.321+05:30  WARN 33640 --- [main] o.s.web.servlet.PageNotFound             : No mapping for GET /api/v1/patient/1/visits
2023-04-25T02:31:03.336+05:30  WARN 33640 --- [main] o.s.web.servlet.PageNotFound             : No mapping for GET /api/v1/tests/1
2023-04-25T02:31:03.353+05:30  INFO 33640 --- [main] t.c.s.AnnotationConfigContextLoaderUtils : Could not detect default configuration classes for test class [com.revature.service.testing.PrescriptionServiceTests]: PrescriptionServiceTests does not declare any static, non-private, non-final, nested classes annotated with @Configuration.
2023-04-25T02:31:03.383+05:30  INFO 33640 --- [main] .b.t.c.SpringBootTestContextBootstrapper : Found @SpringBootConfiguration com.revature.G1HealthRecordsServiceApplication for test class com.revature.service.testing.PrescriptionServiceTests
2023-04-25T02:31:03.790+05:30  WARN 33640 --- [main] ory$DuplicateJsonObjectContextCustomizer : 

Found multiple occurrences of org.json.JSONObject on the class path:

	jar:file:/C:/Users/Akshay%20Pramod%20Kadam/.m2/repository/org/json/json/20160212/json-20160212.jar!/org/json/JSONObject.class
	jar:file:/C:/Users/Akshay%20Pramod%20Kadam/.m2/repository/com/vaadin/external/google/android-json/0.0.20131108.vaadin1/android-json-0.0.20131108.vaadin1.jar!/org/json/JSONObject.class

You may wish to exclude one of them to ensure predictable runtime behavior

2023-04-25T02:31:03.794+05:30  INFO 33640 --- [main] c.r.s.testing.PrescriptionServiceTests   : The following 1 profile is active: "production"
2023-04-25T02:31:05.111+05:30  INFO 33640 --- [main] .s.d.r.c.RepositoryConfigurationDelegate : Bootstrapping Spring Data JPA repositories in DEFAULT mode.
2023-04-25T02:31:05.222+05:30  INFO 33640 --- [main] .s.d.r.c.RepositoryConfigurationDelegate : Finished Spring Data repository scanning in 90 ms. Found 4 JPA repository interfaces.
2023-04-25T02:31:05.439+05:30  INFO 33640 --- [main] o.s.cloud.context.scope.GenericScope     : BeanFactory id=dc018b20-f9fd-3d95-8aaf-bd6b2eccfec2
2023-04-25T02:31:07.091+05:30  INFO 33640 --- [main] com.zaxxer.hikari.HikariDataSource       : HikariPool-1 - Starting...
2023-04-25T02:31:11.761+05:30  INFO 33640 --- [main] com.zaxxer.hikari.pool.HikariPool        : HikariPool-1 - Added connection com.mysql.cj.jdbc.ConnectionImpl@55f92ddb
2023-04-25T02:31:11.767+05:30  INFO 33640 --- [main] com.zaxxer.hikari.HikariDataSource       : HikariPool-1 - Start completed.
2023-04-25T02:31:12.481+05:30  INFO 33640 --- [main] SQL dialect                              : HHH000400: Using dialect: org.hibernate.dialect.MySQLDialect
2023-04-25T02:31:17.852+05:30  INFO 33640 --- [main] j.LocalContainerEntityManagerFactoryBean : Initialized JPA EntityManagerFactory for persistence unit 'default'
2023-04-25T02:31:19.366+05:30  WARN 33640 --- [main] JpaBaseConfiguration$JpaWebConfiguration : spring.jpa.open-in-view is enabled by default. Therefore, database queries may be performed during view rendering. Explicitly configure spring.jpa.open-in-view to disable this warning
2023-04-25T02:31:21.801+05:30  INFO 33640 --- [main] o.s.b.a.e.web.EndpointLinksResolver      : Exposing 16 endpoint(s) beneath base path '/actuator'
2023-04-25T02:31:21.928+05:30  INFO 33640 --- [main] c.r.s.testing.PrescriptionServiceTests   : Started PrescriptionServiceTests in 18.531 seconds (process running for 27.564)
2023-04-25T02:31:22.025+05:30  INFO 33640 --- [main] com.revature.loggers.Logging             : method invokeclass com.revature.serviceImpl.PrescriptionServiceImpl:savePrescription()Arguments : [[{"prescriptionId":5,"prescriptionName":"Dolo","dosage":"1-0-1","prescriptionNotes":"After eat","visitId":{"visitId":1,"patientId":0,"height":0.0,"weight":0.0,"bpSystolic":0,"bpDiastolic":0,"bodyTemparature":0.0,"respirationRate":0,"bloodGroup":null,"nurseEmail":null,"physicianEmail":null,"appointmentId":0,"keyNotes":null,"allergyId":0}},{"prescriptionId":6,"prescriptionName":"fortamet","dosage":"1-0-0","prescriptionNotes":"Before eat","visitId":{"visitId":1,"patientId":0,"height":0.0,"weight":0.0,"bpSystolic":0,"bpDiastolic":0,"bodyTemparature":0.0,"respirationRate":0,"bloodGroup":null,"nurseEmail":null,"physicianEmail":null,"appointmentId":0,"keyNotes":null,"allergyId":0}}]]
2023-04-25T02:31:22.047+05:30  INFO 33640 --- [main] com.revature.loggers.Logging             : class com.revature.serviceImpl.PrescriptionServiceImpl:savePrescription()Response : [{"prescriptionId":5,"prescriptionName":"Dolo","dosage":"1-0-1","prescriptionNotes":"After eat","visitId":{"visitId":1,"patientId":0,"height":0.0,"weight":0.0,"bpSystolic":0,"bpDiastolic":0,"bodyTemparature":0.0,"respirationRate":0,"bloodGroup":null,"nurseEmail":null,"physicianEmail":null,"appointmentId":0,"keyNotes":null,"allergyId":0}},{"prescriptionId":6,"prescriptionName":"fortamet","dosage":"1-0-0","prescriptionNotes":"Before eat","visitId":{"visitId":1,"patientId":0,"height":0.0,"weight":0.0,"bpSystolic":0,"bpDiastolic":0,"bodyTemparature":0.0,"respirationRate":0,"bloodGroup":null,"nurseEmail":null,"physicianEmail":null,"appointmentId":0,"keyNotes":null,"allergyId":0}}]
2023-04-25T02:31:22.057+05:30  INFO 33640 --- [main] com.revature.loggers.Logging             : method invokeclass com.revature.serviceImpl.PrescriptionServiceImpl:savePrescription()Arguments : [[{"prescriptionId":5,"prescriptionName":"Dolo","dosage":"1-0-1","prescriptionNotes":"After eat","visitId":{"visitId":1,"patientId":0,"height":0.0,"weight":0.0,"bpSystolic":0,"bpDiastolic":0,"bodyTemparature":0.0,"respirationRate":0,"bloodGroup":null,"nurseEmail":null,"physicianEmail":null,"appointmentId":0,"keyNotes":null,"allergyId":0}},{"prescriptionId":6,"prescriptionName":"fortamet","dosage":"1-0-0","prescriptionNotes":"Before eat","visitId":{"visitId":1,"patientId":0,"height":0.0,"weight":0.0,"bpSystolic":0,"bpDiastolic":0,"bodyTemparature":0.0,"respirationRate":0,"bloodGroup":null,"nurseEmail":null,"physicianEmail":null,"appointmentId":0,"keyNotes":null,"allergyId":0}}]]
2023-04-25T02:31:22.062+05:30  INFO 33640 --- [main] com.revature.loggers.Logging             : class com.revature.serviceImpl.PrescriptionServiceImpl:savePrescription()Response : [{"prescriptionId":5,"prescriptionName":"Dolo","dosage":"1-0-1","prescriptionNotes":"After eat","visitId":{"visitId":1,"patientId":0,"height":0.0,"weight":0.0,"bpSystolic":0,"bpDiastolic":0,"bodyTemparature":0.0,"respirationRate":0,"bloodGroup":null,"nurseEmail":null,"physicianEmail":null,"appointmentId":0,"keyNotes":null,"allergyId":0}},{"prescriptionId":6,"prescriptionName":"fortamet","dosage":"1-0-0","prescriptionNotes":"Before eat","visitId":{"visitId":1,"patientId":0,"height":0.0,"weight":0.0,"bpSystolic":0,"bpDiastolic":0,"bodyTemparature":0.0,"respirationRate":0,"bloodGroup":null,"nurseEmail":null,"physicianEmail":null,"appointmentId":0,"keyNotes":null,"allergyId":0}}]
2023-04-25T02:31:22.078+05:30  INFO 33640 --- [main] com.revature.loggers.Logging             : method invokeclass com.revature.serviceImpl.PrescriptionServiceImpl:getPrescriptionDetails()Arguments : [1]
2023-04-25T02:31:22.084+05:30  INFO 33640 --- [main] com.revature.loggers.Logging             : class com.revature.serviceImpl.PrescriptionServiceImpl:getPrescriptionDetails()Response : [{"prescriptionId":5,"prescriptionName":"Dolo","dosage":"1-0-1","prescriptionNotes":"After eat","visitId":{"visitId":1,"patientId":0,"height":0.0,"weight":0.0,"bpSystolic":0,"bpDiastolic":0,"bodyTemparature":0.0,"respirationRate":0,"bloodGroup":null,"nurseEmail":null,"physicianEmail":null,"appointmentId":0,"keyNotes":null,"allergyId":0}},{"prescriptionId":6,"prescriptionName":"fortamet","dosage":"1-0-0","prescriptionNotes":"Before eat","visitId":{"visitId":1,"patientId":0,"height":0.0,"weight":0.0,"bpSystolic":0,"bpDiastolic":0,"bodyTemparature":0.0,"respirationRate":0,"bloodGroup":null,"nurseEmail":null,"physicianEmail":null,"appointmentId":0,"keyNotes":null,"allergyId":0}}]
2023-04-25T02:31:22.095+05:30  INFO 33640 --- [main] t.c.s.AnnotationConfigContextLoaderUtils : Could not detect default configuration classes for test class [com.revature.service.testing.TestServiceTests]: TestServiceTests does not declare any static, non-private, non-final, nested classes annotated with @Configuration.
2023-04-25T02:31:22.098+05:30  INFO 33640 --- [main] .b.t.c.SpringBootTestContextBootstrapper : Found @SpringBootConfiguration com.revature.G1HealthRecordsServiceApplication for test class com.revature.service.testing.TestServiceTests
2023-04-25T02:31:22.428+05:30  WARN 33640 --- [main] ory$DuplicateJsonObjectContextCustomizer : 

Found multiple occurrences of org.json.JSONObject on the class path:

	jar:file:/C:/Users/Akshay%20Pramod%20Kadam/.m2/repository/org/json/json/20160212/json-20160212.jar!/org/json/JSONObject.class
	jar:file:/C:/Users/Akshay%20Pramod%20Kadam/.m2/repository/com/vaadin/external/google/android-json/0.0.20131108.vaadin1/android-json-0.0.20131108.vaadin1.jar!/org/json/JSONObject.class

You may wish to exclude one of them to ensure predictable runtime behavior

2023-04-25T02:31:22.432+05:30  INFO 33640 --- [main] c.r.service.testing.TestServiceTests     : The following 1 profile is active: "production"
2023-04-25T02:31:22.885+05:30  INFO 33640 --- [main] .s.d.r.c.RepositoryConfigurationDelegate : Bootstrapping Spring Data JPA repositories in DEFAULT mode.
2023-04-25T02:31:22.909+05:30  INFO 33640 --- [main] .s.d.r.c.RepositoryConfigurationDelegate : Finished Spring Data repository scanning in 24 ms. Found 4 JPA repository interfaces.
2023-04-25T02:31:22.968+05:30  INFO 33640 --- [main] o.s.cloud.context.scope.GenericScope     : BeanFactory id=dc018b20-f9fd-3d95-8aaf-bd6b2eccfec2
2023-04-25T02:31:23.172+05:30  INFO 33640 --- [main] com.zaxxer.hikari.HikariDataSource       : HikariPool-2 - Starting...
2023-04-25T02:31:27.708+05:30  INFO 33640 --- [main] com.zaxxer.hikari.pool.HikariPool        : HikariPool-2 - Added connection com.mysql.cj.jdbc.ConnectionImpl@65de0061
2023-04-25T02:31:27.709+05:30  INFO 33640 --- [main] com.zaxxer.hikari.HikariDataSource       : HikariPool-2 - Start completed.
2023-04-25T02:31:27.974+05:30  INFO 33640 --- [main] SQL dialect                              : HHH000400: Using dialect: org.hibernate.dialect.MySQLDialect
2023-04-25T02:31:31.686+05:30  INFO 33640 --- [main] j.LocalContainerEntityManagerFactoryBean : Initialized JPA EntityManagerFactory for persistence unit 'default'
2023-04-25T02:31:32.097+05:30  WARN 33640 --- [main] JpaBaseConfiguration$JpaWebConfiguration : spring.jpa.open-in-view is enabled by default. Therefore, database queries may be performed during view rendering. Explicitly configure spring.jpa.open-in-view to disable this warning
2023-04-25T02:31:33.384+05:30  INFO 33640 --- [main] o.s.b.a.e.web.EndpointLinksResolver      : Exposing 16 endpoint(s) beneath base path '/actuator'
2023-04-25T02:31:33.423+05:30  INFO 33640 --- [main] c.r.service.testing.TestServiceTests     : Started TestServiceTests in 11.319 seconds (process running for 39.06)
2023-04-25T02:31:33.453+05:30  INFO 33640 --- [main] com.revature.loggers.Logging             : method invokeclass com.revature.serviceImpl.TestServiceImpl:saveTest()Arguments : [[{"testId":5,"testName":"Sugar test","result":"Negative","testNotes":"Everything looks good","visitId":{"visitId":1,"patientId":0,"height":0.0,"weight":0.0,"bpSystolic":0,"bpDiastolic":0,"bodyTemparature":0.0,"respirationRate":0,"bloodGroup":null,"nurseEmail":null,"physicianEmail":null,"appointmentId":0,"keyNotes":null,"allergyId":0}},{"testId":6,"testName":"Blood test","result":"10 points","testNotes":"fewer blood cells","visitId":{"visitId":1,"patientId":0,"height":0.0,"weight":0.0,"bpSystolic":0,"bpDiastolic":0,"bodyTemparature":0.0,"respirationRate":0,"bloodGroup":null,"nurseEmail":null,"physicianEmail":null,"appointmentId":0,"keyNotes":null,"allergyId":0}}]]
2023-04-25T02:31:33.472+05:30  INFO 33640 --- [main] com.revature.loggers.Logging             : class com.revature.serviceImpl.TestServiceImpl:saveTest()Response : [{"testId":5,"testName":"Sugar test","result":"Negative","testNotes":"Everything looks good","visitId":{"visitId":1,"patientId":0,"height":0.0,"weight":0.0,"bpSystolic":0,"bpDiastolic":0,"bodyTemparature":0.0,"respirationRate":0,"bloodGroup":null,"nurseEmail":null,"physicianEmail":null,"appointmentId":0,"keyNotes":null,"allergyId":0}},{"testId":6,"testName":"Blood test","result":"10 points","testNotes":"fewer blood cells","visitId":{"visitId":1,"patientId":0,"height":0.0,"weight":0.0,"bpSystolic":0,"bpDiastolic":0,"bodyTemparature":0.0,"respirationRate":0,"bloodGroup":null,"nurseEmail":null,"physicianEmail":null,"appointmentId":0,"keyNotes":null,"allergyId":0}}]
2023-04-25T02:31:33.475+05:30  INFO 33640 --- [main] com.revature.loggers.Logging             : method invokeclass com.revature.serviceImpl.TestServiceImpl:saveTest()Arguments : [[{"testId":5,"testName":"Sugar test","result":"Negative","testNotes":"Everything looks good","visitId":{"visitId":1,"patientId":0,"height":0.0,"weight":0.0,"bpSystolic":0,"bpDiastolic":0,"bodyTemparature":0.0,"respirationRate":0,"bloodGroup":null,"nurseEmail":null,"physicianEmail":null,"appointmentId":0,"keyNotes":null,"allergyId":0}},{"testId":6,"testName":"Blood test","result":"10 points","testNotes":"fewer blood cells","visitId":{"visitId":1,"patientId":0,"height":0.0,"weight":0.0,"bpSystolic":0,"bpDiastolic":0,"bodyTemparature":0.0,"respirationRate":0,"bloodGroup":null,"nurseEmail":null,"physicianEmail":null,"appointmentId":0,"keyNotes":null,"allergyId":0}}]]
2023-04-25T02:31:33.480+05:30  INFO 33640 --- [main] com.revature.loggers.Logging             : class com.revature.serviceImpl.TestServiceImpl:saveTest()Response : [{"testId":5,"testName":"Sugar test","result":"Negative","testNotes":"Everything looks good","visitId":{"visitId":1,"patientId":0,"height":0.0,"weight":0.0,"bpSystolic":0,"bpDiastolic":0,"bodyTemparature":0.0,"respirationRate":0,"bloodGroup":null,"nurseEmail":null,"physicianEmail":null,"appointmentId":0,"keyNotes":null,"allergyId":0}},{"testId":6,"testName":"Blood test","result":"10 points","testNotes":"fewer blood cells","visitId":{"visitId":1,"patientId":0,"height":0.0,"weight":0.0,"bpSystolic":0,"bpDiastolic":0,"bodyTemparature":0.0,"respirationRate":0,"bloodGroup":null,"nurseEmail":null,"physicianEmail":null,"appointmentId":0,"keyNotes":null,"allergyId":0}}]
2023-04-25T02:31:33.491+05:30  INFO 33640 --- [main] com.revature.loggers.Logging             : method invokeclass com.revature.serviceImpl.TestServiceImpl:getTestDetails()Arguments : [1]
2023-04-25T02:31:33.496+05:30  INFO 33640 --- [main] com.revature.loggers.Logging             : class com.revature.serviceImpl.TestServiceImpl:getTestDetails()Response : [{"testId":5,"testName":"Sugar test","result":"Negative","testNotes":"Everything looks good","visitId":{"visitId":1,"patientId":0,"height":0.0,"weight":0.0,"bpSystolic":0,"bpDiastolic":0,"bodyTemparature":0.0,"respirationRate":0,"bloodGroup":null,"nurseEmail":null,"physicianEmail":null,"appointmentId":0,"keyNotes":null,"allergyId":0}},{"testId":6,"testName":"Blood test","result":"10 points","testNotes":"fewer blood cells","visitId":{"visitId":1,"patientId":0,"height":0.0,"weight":0.0,"bpSystolic":0,"bpDiastolic":0,"bodyTemparature":0.0,"respirationRate":0,"bloodGroup":null,"nurseEmail":null,"physicianEmail":null,"appointmentId":0,"keyNotes":null,"allergyId":0}}]
2023-04-25T02:31:33.506+05:30  INFO 33640 --- [main] t.c.s.AnnotationConfigContextLoaderUtils : Could not detect default configuration classes for test class [com.revature.service.testing.VisitServiceTests]: VisitServiceTests does not declare any static, non-private, non-final, nested classes annotated with @Configuration.
2023-04-25T02:31:33.508+05:30  INFO 33640 --- [main] .b.t.c.SpringBootTestContextBootstrapper : Found @SpringBootConfiguration com.revature.G1HealthRecordsServiceApplication for test class com.revature.service.testing.VisitServiceTests
2023-04-25T02:31:33.839+05:30  WARN 33640 --- [main] ory$DuplicateJsonObjectContextCustomizer : 

Found multiple occurrences of org.json.JSONObject on the class path:

	jar:file:/C:/Users/Akshay%20Pramod%20Kadam/.m2/repository/org/json/json/20160212/json-20160212.jar!/org/json/JSONObject.class
	jar:file:/C:/Users/Akshay%20Pramod%20Kadam/.m2/repository/com/vaadin/external/google/android-json/0.0.20131108.vaadin1/android-json-0.0.20131108.vaadin1.jar!/org/json/JSONObject.class

You may wish to exclude one of them to ensure predictable runtime behavior

2023-04-25T02:31:33.841+05:30  INFO 33640 --- [main] c.r.service.testing.VisitServiceTests    : The following 1 profile is active: "production"
2023-04-25T02:31:34.382+05:30  INFO 33640 --- [main] .s.d.r.c.RepositoryConfigurationDelegate : Bootstrapping Spring Data JPA repositories in DEFAULT mode.
2023-04-25T02:31:34.402+05:30  INFO 33640 --- [main] .s.d.r.c.RepositoryConfigurationDelegate : Finished Spring Data repository scanning in 19 ms. Found 4 JPA repository interfaces.
2023-04-25T02:31:34.450+05:30  INFO 33640 --- [main] o.s.cloud.context.scope.GenericScope     : BeanFactory id=dc018b20-f9fd-3d95-8aaf-bd6b2eccfec2
2023-04-25T02:31:34.569+05:30  INFO 33640 --- [main] com.zaxxer.hikari.HikariDataSource       : HikariPool-3 - Starting...
2023-04-25T02:31:38.421+05:30  INFO 33640 --- [main] com.zaxxer.hikari.pool.HikariPool        : HikariPool-3 - Added connection com.mysql.cj.jdbc.ConnectionImpl@5b6702a0
2023-04-25T02:31:38.421+05:30  INFO 33640 --- [main] com.zaxxer.hikari.HikariDataSource       : HikariPool-3 - Start completed.
2023-04-25T02:31:38.713+05:30  INFO 33640 --- [main] SQL dialect                              : HHH000400: Using dialect: org.hibernate.dialect.MySQLDialect
2023-04-25T02:31:42.368+05:30  INFO 33640 --- [main] j.LocalContainerEntityManagerFactoryBean : Initialized JPA EntityManagerFactory for persistence unit 'default'
2023-04-25T02:31:42.713+05:30  WARN 33640 --- [main] JpaBaseConfiguration$JpaWebConfiguration : spring.jpa.open-in-view is enabled by default. Therefore, database queries may be performed during view rendering. Explicitly configure spring.jpa.open-in-view to disable this warning
2023-04-25T02:31:43.889+05:30  INFO 33640 --- [main] o.s.b.a.e.web.EndpointLinksResolver      : Exposing 16 endpoint(s) beneath base path '/actuator'
2023-04-25T02:31:43.927+05:30  INFO 33640 --- [main] c.r.service.testing.VisitServiceTests    : Started VisitServiceTests in 10.411 seconds (process running for 49.563)
2023-04-25T02:31:43.937+05:30  INFO 33640 --- [main] com.revature.loggers.Logging             : method invokeclass com.revature.serviceImpl.VisitServiceImpl:getVisit()Arguments : [1]
2023-04-25T02:31:43.944+05:30  INFO 33640 --- [main] com.revature.loggers.Logging             : class com.revature.serviceImpl.VisitServiceImpl:getVisit()Response : {"visitId":1,"patientId":1,"height":150.0,"weight":70.0,"bpSystolic":80,"bpDiastolic":60,"bodyTemparature":100.0,"respirationRate":90,"bloodGroup":"B+ve","nurseEmail":"nurse1@gmail.com","physicianEmail":"physician1@gmail.com","appointmentId":1,"keyNotes":"high fever","allergyId":1}
2023-04-25T02:31:43.953+05:30  INFO 33640 --- [main] com.revature.loggers.Logging             : method invokeclass com.revature.serviceImpl.VisitServiceImpl:updateVisit()Arguments : [{"visitId":1,"patientId":1,"height":150.0,"weight":70.0,"bpSystolic":100,"bpDiastolic":80,"bodyTemparature":120.0,"respirationRate":80,"bloodGroup":"O+ve","nurseEmail":"nurse2@gmail.com","physicianEmail":"physician2@gmail.com","appointmentId":1,"keyNotes":"cold","allergyId":1},1]
2023-04-25T02:31:43.957+05:30  INFO 33640 --- [main] com.revature.loggers.Logging             : class com.revature.serviceImpl.VisitServiceImpl:updateVisit()Response : {"visitId":1,"patientId":1,"height":150.0,"weight":70.0,"bpSystolic":100,"bpDiastolic":80,"bodyTemparature":120.0,"respirationRate":80,"bloodGroup":"O+ve","nurseEmail":"nurse2@gmail.com","physicianEmail":"physician2@gmail.com","appointmentId":1,"keyNotes":"cold","allergyId":1}
2023-04-25T02:31:43.959+05:30  INFO 33640 --- [main] com.revature.loggers.Logging             : method invokeclass com.revature.serviceImpl.VisitServiceImpl:updateVisit()Arguments : [{"visitId":1,"patientId":1,"height":150.0,"weight":70.0,"bpSystolic":100,"bpDiastolic":80,"bodyTemparature":120.0,"respirationRate":80,"bloodGroup":"O+ve","nurseEmail":"nurse2@gmail.com","physicianEmail":"physician2@gmail.com","appointmentId":1,"keyNotes":"cold","allergyId":1},1]
2023-04-25T02:31:43.961+05:30  INFO 33640 --- [main] com.revature.loggers.Logging             : class com.revature.serviceImpl.VisitServiceImpl:updateVisit()Response : {"visitId":1,"patientId":1,"height":150.0,"weight":70.0,"bpSystolic":100,"bpDiastolic":80,"bodyTemparature":120.0,"respirationRate":80,"bloodGroup":"O+ve","nurseEmail":"nurse2@gmail.com","physicianEmail":"physician2@gmail.com","appointmentId":1,"keyNotes":"cold","allergyId":1}
2023-04-25T02:31:43.968+05:30  INFO 33640 --- [main] com.revature.loggers.Logging             : method invokeclass com.revature.serviceImpl.VisitServiceImpl:getLastVisitDetailsByPatientId()Arguments : [2]
2023-04-25T02:31:43.971+05:30  INFO 33640 --- [main] com.revature.loggers.Logging             : class com.revature.serviceImpl.VisitServiceImpl:getLastVisitDetailsByPatientId()Response : {"visitId":1,"patientId":2,"height":150.0,"weight":70.0,"bpSystolic":80,"bpDiastolic":60,"bodyTemparature":100.0,"respirationRate":90,"bloodGroup":"B+ve","nurseEmail":"nurse1@gmail.com","physicianEmail":"physician1@gmail.com","appointmentId":1,"keyNotes":"high fever","allergyId":1}
2023-04-25T02:31:43.987+05:30  INFO 33640 --- [main] com.revature.loggers.Logging             : method invokeclass com.revature.serviceImpl.VisitServiceImpl:saveVisit()Arguments : [1,{"visitId":1,"patientId":1,"height":150.0,"weight":70.0,"bpSystolic":100,"bpDiastolic":80,"bodyTemparature":120.0,"respirationRate":80,"bloodGroup":"O+ve","nurseEmail":"nurse2@gmail.com","physicianEmail":"physician2@gmail.com","appointmentId":1,"keyNotes":"cold","allergyId":1}]
2023-04-25T02:31:43.988+05:30  INFO 33640 --- [main] com.revature.loggers.Logging             : class com.revature.serviceImpl.VisitServiceImpl:saveVisit()Response : {"visitId":1,"patientId":1,"height":150.0,"weight":70.0,"bpSystolic":100,"bpDiastolic":80,"bodyTemparature":120.0,"respirationRate":80,"bloodGroup":"O+ve","nurseEmail":"nurse2@gmail.com","physicianEmail":"physician2@gmail.com","appointmentId":1,"keyNotes":"cold","allergyId":1}
2023-04-25T02:31:43.990+05:30  INFO 33640 --- [main] com.revature.loggers.Logging             : method invokeclass com.revature.serviceImpl.VisitServiceImpl:saveVisit()Arguments : [1,{"visitId":1,"patientId":1,"height":150.0,"weight":70.0,"bpSystolic":100,"bpDiastolic":80,"bodyTemparature":120.0,"respirationRate":80,"bloodGroup":"O+ve","nurseEmail":"nurse2@gmail.com","physicianEmail":"physician2@gmail.com","appointmentId":1,"keyNotes":"cold","allergyId":1}]
2023-04-25T02:31:43.992+05:30  INFO 33640 --- [main] com.revature.loggers.Logging             : class com.revature.serviceImpl.VisitServiceImpl:saveVisit()Response : {"visitId":1,"patientId":1,"height":150.0,"weight":70.0,"bpSystolic":100,"bpDiastolic":80,"bodyTemparature":120.0,"respirationRate":80,"bloodGroup":"O+ve","nurseEmail":"nurse2@gmail.com","physicianEmail":"physician2@gmail.com","appointmentId":1,"keyNotes":"cold","allergyId":1}
2023-04-25T02:31:43.999+05:30  INFO 33640 --- [main] com.revature.loggers.Logging             : method invokeclass com.revature.serviceImpl.VisitServiceImpl:getAllVisits()Arguments : [1]
2023-04-25T02:31:44.002+05:30  INFO 33640 --- [main] com.revature.loggers.Logging             : class com.revature.serviceImpl.VisitServiceImpl:getAllVisits()Response : [{"visitId":1,"patientId":1,"height":150.0,"weight":70.0,"bpSystolic":80,"bpDiastolic":60,"bodyTemparature":100.0,"respirationRate":90,"bloodGroup":"B+ve","nurseEmail":"nurse1@gmail.com","physicianEmail":"physician1@gmail.com","appointmentId":1,"keyNotes":"high fever","allergyId":1},{"visitId":2,"patientId":1,"height":150.0,"weight":70.0,"bpSystolic":100,"bpDiastolic":80,"bodyTemparature":120.0,"respirationRate":80,"bloodGroup":"O+ve","nurseEmail":"nurse2@gmail.com","physicianEmail":"physician2@gmail.com","appointmentId":2,"keyNotes":"cold","allergyId":2}]
2023-04-25T02:31:44.009+05:30  INFO 33640 --- [main] com.revature.loggers.Logging             : method invokeclass com.revature.serviceImpl.VisitServiceImpl:getVisitByAppointmentId()Arguments : [1]
2023-04-25T02:31:44.012+05:30  INFO 33640 --- [main] com.revature.loggers.Logging             : class com.revature.serviceImpl.VisitServiceImpl:getVisitByAppointmentId()Response : {"visitId":1,"patientId":1,"height":150.0,"weight":70.0,"bpSystolic":80,"bpDiastolic":60,"bodyTemparature":100.0,"respirationRate":90,"bloodGroup":"B+ve","nurseEmail":"nurse1@gmail.com","physicianEmail":"physician1@gmail.com","appointmentId":1,"keyNotes":"high fever","allergyId":1}
2023-04-25T02:31:44.038+05:30  INFO 33640 --- [SpringApplicationShutdownHook] j.LocalContainerEntityManagerFactoryBean : Closing JPA EntityManagerFactory for persistence unit 'default'
2023-04-25T02:31:44.351+05:30  INFO 33640 --- [SpringApplicationShutdownHook] com.zaxxer.hikari.HikariDataSource       : HikariPool-1 - Shutdown initiated...
2023-04-25T02:31:47.129+05:30  INFO 33640 --- [SpringApplicationShutdownHook] com.zaxxer.hikari.HikariDataSource       : HikariPool-1 - Shutdown completed.
2023-04-25T02:31:47.133+05:30  INFO 33640 --- [SpringApplicationShutdownHook] j.LocalContainerEntityManagerFactoryBean : Closing JPA EntityManagerFactory for persistence unit 'default'
2023-04-25T02:31:47.134+05:30  INFO 33640 --- [SpringApplicationShutdownHook] com.zaxxer.hikari.HikariDataSource       : HikariPool-2 - Shutdown initiated...
2023-04-25T02:31:49.317+05:30  INFO 33640 --- [SpringApplicationShutdownHook] com.zaxxer.hikari.HikariDataSource       : HikariPool-2 - Shutdown completed.
2023-04-25T02:31:49.320+05:30  INFO 33640 --- [SpringApplicationShutdownHook] j.LocalContainerEntityManagerFactoryBean : Closing JPA EntityManagerFactory for persistence unit 'default'
2023-04-25T02:31:49.320+05:30  INFO 33640 --- [SpringApplicationShutdownHook] com.zaxxer.hikari.HikariDataSource       : HikariPool-3 - Shutdown initiated...
2023-04-25T02:31:50.802+05:30  INFO 33640 --- [SpringApplicationShutdownHook] com.zaxxer.hikari.HikariDataSource       : HikariPool-3 - Shutdown completed.
